2019-03-26 10:17:19 [::1][-][45o62b5smhk17ssaau60uggmnc][error][yii\base\ErrorException:8] yii\base\ErrorException: Undefined variable: app in C:\wamp64\www\jack\views\site\index.php:22
Stack trace:
#0 C:\wamp64\www\jack\vendor\yiisoft\yii2\base\View.php(257): yii\web\View->renderPhpFile()
#1 C:\wamp64\www\jack\vendor\yiisoft\yii2\base\View.php(156): yii\web\View->renderFile()
#2 C:\wamp64\www\jack\vendor\yiisoft\yii2\base\Controller.php(384): yii\web\View->render()
#3 C:\wamp64\www\jack\controllers\SiteController.php(64): app\controllers\SiteController->render()
#4 C:\wamp64\www\jack\vendor\yiisoft\yii2\base\InlineAction.php(57): app\controllers\SiteController->actionIndex()
#5 C:\wamp64\www\jack\vendor\yiisoft\yii2\base\InlineAction.php(57): ::call_user_func_array:{C:\wamp64\www\jack\vendor\yiisoft\yii2\base\InlineAction.php:57}()
#6 C:\wamp64\www\jack\vendor\yiisoft\yii2\base\Controller.php(157): yii\base\InlineAction->runWithParams()
#7 C:\wamp64\www\jack\vendor\yiisoft\yii2\base\Module.php(528): app\controllers\SiteController->runAction()
#8 C:\wamp64\www\jack\vendor\yiisoft\yii2\web\Application.php(103): yii\web\Application->runAction()
#9 C:\wamp64\www\jack\vendor\yiisoft\yii2\base\Application.php(386): yii\web\Application->handleRequest()
#10 C:\wamp64\www\jack\web\index.php(12): yii\web\Application->run()
#11 {main}
2019-03-26 10:17:19 [::1][-][45o62b5smhk17ssaau60uggmnc][info][application] $_GET = [
    'r' => 'site/index'
]

$_POST = []

$_FILES = []

$_COOKIE = [
    'PHPSESSID' => '45o62b5smhk17ssaau60uggmnc'
    '_csrf' => '086baf23895d0afd2a9d9da23f0dc7d19e10f48780981d3be16528b35390c3a3a:2:{i:0;s:5:\"_csrf\";i:1;s:32:\"g5VMwJ4aZGanhfnGuLHf1_JM6WQYcVHG\";}'
]

$_SESSION = [
    '__flash' => []
    '__captcha/site/captcha' => 'rbaklev'
    '__captcha/site/captchacount' => 1
]

$_SERVER = [
    'HTTP_HOST' => 'www.jacksistema.odv'
    'HTTP_USER_AGENT' => 'Mozilla/5.0 (Windows NT 10.0; Win64; x64; rv:65.0) Gecko/20100101 Firefox/65.0'
    'HTTP_ACCEPT' => 'text/html,application/xhtml+xml,application/xml;q=0.9,image/webp,*/*;q=0.8'
    'HTTP_ACCEPT_LANGUAGE' => 'es-AR,es;q=0.8,en-US;q=0.5,en;q=0.3'
    'HTTP_ACCEPT_ENCODING' => 'gzip, deflate'
    'HTTP_REFERER' => 'http://www.jacksistema.odv/index.php?r=site%2Fcontact'
    'HTTP_CONNECTION' => 'keep-alive'
    'HTTP_COOKIE' => 'PHPSESSID=45o62b5smhk17ssaau60uggmnc; _csrf=086baf23895d0afd2a9d9da23f0dc7d19e10f48780981d3be16528b35390c3a3a%3A2%3A%7Bi%3A0%3Bs%3A5%3A%22_csrf%22%3Bi%3A1%3Bs%3A32%3A%22g5VMwJ4aZGanhfnGuLHf1_JM6WQYcVHG%22%3B%7D'
    'HTTP_UPGRADE_INSECURE_REQUESTS' => '1'
    'HTTP_CACHE_CONTROL' => 'max-age=0'
    'PATH' => 'C:\\Program Files (x86)\\Common Files\\Oracle\\Java\\javapath;C:\\Windows\\system32;C:\\Windows;C:\\Windows\\System32\\Wbem;C:\\Windows\\System32\\WindowsPowerShell\\v1.0\\;C:\\Windows\\System32\\OpenSSH\\;C:\\wamp64\\bin\\php\\php7.2.10;C:\\composer;C:\\Windows\\system32\\config\\systemprofile\\AppData\\Local\\Microsoft\\WindowsApps'
    'SystemRoot' => 'C:\\Windows'
    'COMSPEC' => 'C:\\Windows\\system32\\cmd.exe'
    'PATHEXT' => '.COM;.EXE;.BAT;.CMD;.VBS;.VBE;.JS;.JSE;.WSF;.WSH;.MSC'
    'WINDIR' => 'C:\\Windows'
    'SERVER_SIGNATURE' => '<address>Apache/2.4.35 (Win64) PHP/7.2.10 Server at www.jacksistema.odv Port 80</address>
'
    'SERVER_SOFTWARE' => 'Apache/2.4.35 (Win64) PHP/7.2.10'
    'SERVER_NAME' => 'www.jacksistema.odv'
    'SERVER_ADDR' => '::1'
    'SERVER_PORT' => '80'
    'REMOTE_ADDR' => '::1'
    'DOCUMENT_ROOT' => 'C:/wamp64/www/jack/web'
    'REQUEST_SCHEME' => 'http'
    'CONTEXT_PREFIX' => ''
    'CONTEXT_DOCUMENT_ROOT' => 'C:/wamp64/www/jack/web'
    'SERVER_ADMIN' => 'wampserver@wampserver.invalid'
    'SCRIPT_FILENAME' => 'C:/wamp64/www/jack/web/index.php'
    'REMOTE_PORT' => '51368'
    'GATEWAY_INTERFACE' => 'CGI/1.1'
    'SERVER_PROTOCOL' => 'HTTP/1.1'
    'REQUEST_METHOD' => 'GET'
    'QUERY_STRING' => 'r=site%2Findex'
    'REQUEST_URI' => '/index.php?r=site%2Findex'
    'SCRIPT_NAME' => '/index.php'
    'PHP_SELF' => '/index.php'
    'REQUEST_TIME_FLOAT' => 1553595439.42
    'REQUEST_TIME' => 1553595439
]
2019-03-26 10:21:53 [::1][-][45o62b5smhk17ssaau60uggmnc][error][yii\base\ErrorException:8] yii\base\ErrorException: Undefined index: nombreapp in C:\wamp64\www\jack\views\site\index.php:22
Stack trace:
#0 C:\wamp64\www\jack\vendor\yiisoft\yii2\base\View.php(257): yii\web\View->renderPhpFile()
#1 C:\wamp64\www\jack\vendor\yiisoft\yii2\base\View.php(156): yii\web\View->renderFile()
#2 C:\wamp64\www\jack\vendor\yiisoft\yii2\base\Controller.php(384): yii\web\View->render()
#3 C:\wamp64\www\jack\controllers\SiteController.php(64): app\controllers\SiteController->render()
#4 C:\wamp64\www\jack\vendor\yiisoft\yii2\base\InlineAction.php(57): app\controllers\SiteController->actionIndex()
#5 C:\wamp64\www\jack\vendor\yiisoft\yii2\base\InlineAction.php(57): ::call_user_func_array:{C:\wamp64\www\jack\vendor\yiisoft\yii2\base\InlineAction.php:57}()
#6 C:\wamp64\www\jack\vendor\yiisoft\yii2\base\Controller.php(157): yii\base\InlineAction->runWithParams()
#7 C:\wamp64\www\jack\vendor\yiisoft\yii2\base\Module.php(528): app\controllers\SiteController->runAction()
#8 C:\wamp64\www\jack\vendor\yiisoft\yii2\web\Application.php(103): yii\web\Application->runAction()
#9 C:\wamp64\www\jack\vendor\yiisoft\yii2\base\Application.php(386): yii\web\Application->handleRequest()
#10 C:\wamp64\www\jack\web\index.php(12): yii\web\Application->run()
#11 {main}
2019-03-26 10:21:53 [::1][-][45o62b5smhk17ssaau60uggmnc][info][application] $_GET = [
    'r' => 'site/index'
]

$_POST = []

$_FILES = []

$_COOKIE = [
    'PHPSESSID' => '45o62b5smhk17ssaau60uggmnc'
    '_csrf' => '086baf23895d0afd2a9d9da23f0dc7d19e10f48780981d3be16528b35390c3a3a:2:{i:0;s:5:\"_csrf\";i:1;s:32:\"g5VMwJ4aZGanhfnGuLHf1_JM6WQYcVHG\";}'
]

$_SESSION = [
    '__flash' => []
    '__captcha/site/captcha' => 'rbaklev'
    '__captcha/site/captchacount' => 1
]

$_SERVER = [
    'HTTP_HOST' => 'www.jacksistema.odv'
    'HTTP_USER_AGENT' => 'Mozilla/5.0 (Windows NT 10.0; Win64; x64; rv:65.0) Gecko/20100101 Firefox/65.0'
    'HTTP_ACCEPT' => 'text/html,application/xhtml+xml,application/xml;q=0.9,image/webp,*/*;q=0.8'
    'HTTP_ACCEPT_LANGUAGE' => 'es-AR,es;q=0.8,en-US;q=0.5,en;q=0.3'
    'HTTP_ACCEPT_ENCODING' => 'gzip, deflate'
    'HTTP_REFERER' => 'http://www.jacksistema.odv/index.php?r=site%2Fcontact'
    'HTTP_CONNECTION' => 'keep-alive'
    'HTTP_COOKIE' => 'PHPSESSID=45o62b5smhk17ssaau60uggmnc; _csrf=086baf23895d0afd2a9d9da23f0dc7d19e10f48780981d3be16528b35390c3a3a%3A2%3A%7Bi%3A0%3Bs%3A5%3A%22_csrf%22%3Bi%3A1%3Bs%3A32%3A%22g5VMwJ4aZGanhfnGuLHf1_JM6WQYcVHG%22%3B%7D'
    'HTTP_UPGRADE_INSECURE_REQUESTS' => '1'
    'HTTP_CACHE_CONTROL' => 'max-age=0'
    'PATH' => 'C:\\Program Files (x86)\\Common Files\\Oracle\\Java\\javapath;C:\\Windows\\system32;C:\\Windows;C:\\Windows\\System32\\Wbem;C:\\Windows\\System32\\WindowsPowerShell\\v1.0\\;C:\\Windows\\System32\\OpenSSH\\;C:\\wamp64\\bin\\php\\php7.2.10;C:\\composer;C:\\Windows\\system32\\config\\systemprofile\\AppData\\Local\\Microsoft\\WindowsApps'
    'SystemRoot' => 'C:\\Windows'
    'COMSPEC' => 'C:\\Windows\\system32\\cmd.exe'
    'PATHEXT' => '.COM;.EXE;.BAT;.CMD;.VBS;.VBE;.JS;.JSE;.WSF;.WSH;.MSC'
    'WINDIR' => 'C:\\Windows'
    'SERVER_SIGNATURE' => '<address>Apache/2.4.35 (Win64) PHP/7.2.10 Server at www.jacksistema.odv Port 80</address>
'
    'SERVER_SOFTWARE' => 'Apache/2.4.35 (Win64) PHP/7.2.10'
    'SERVER_NAME' => 'www.jacksistema.odv'
    'SERVER_ADDR' => '::1'
    'SERVER_PORT' => '80'
    'REMOTE_ADDR' => '::1'
    'DOCUMENT_ROOT' => 'C:/wamp64/www/jack/web'
    'REQUEST_SCHEME' => 'http'
    'CONTEXT_PREFIX' => ''
    'CONTEXT_DOCUMENT_ROOT' => 'C:/wamp64/www/jack/web'
    'SERVER_ADMIN' => 'wampserver@wampserver.invalid'
    'SCRIPT_FILENAME' => 'C:/wamp64/www/jack/web/index.php'
    'REMOTE_PORT' => '51390'
    'GATEWAY_INTERFACE' => 'CGI/1.1'
    'SERVER_PROTOCOL' => 'HTTP/1.1'
    'REQUEST_METHOD' => 'GET'
    'QUERY_STRING' => 'r=site%2Findex'
    'REQUEST_URI' => '/index.php?r=site%2Findex'
    'SCRIPT_NAME' => '/index.php'
    'PHP_SELF' => '/index.php'
    'REQUEST_TIME_FLOAT' => 1553595713.689
    'REQUEST_TIME' => 1553595713
]
2019-03-26 10:22:50 [::1][-][45o62b5smhk17ssaau60uggmnc][error][yii\base\ErrorException:8] yii\base\ErrorException: Undefined variable: app in C:\wamp64\www\jack\views\site\index.php:22
Stack trace:
#0 C:\wamp64\www\jack\vendor\yiisoft\yii2\base\View.php(257): yii\web\View->renderPhpFile()
#1 C:\wamp64\www\jack\vendor\yiisoft\yii2\base\View.php(156): yii\web\View->renderFile()
#2 C:\wamp64\www\jack\vendor\yiisoft\yii2\base\Controller.php(384): yii\web\View->render()
#3 C:\wamp64\www\jack\controllers\SiteController.php(64): app\controllers\SiteController->render()
#4 C:\wamp64\www\jack\vendor\yiisoft\yii2\base\InlineAction.php(57): app\controllers\SiteController->actionIndex()
#5 C:\wamp64\www\jack\vendor\yiisoft\yii2\base\InlineAction.php(57): ::call_user_func_array:{C:\wamp64\www\jack\vendor\yiisoft\yii2\base\InlineAction.php:57}()
#6 C:\wamp64\www\jack\vendor\yiisoft\yii2\base\Controller.php(157): yii\base\InlineAction->runWithParams()
#7 C:\wamp64\www\jack\vendor\yiisoft\yii2\base\Module.php(528): app\controllers\SiteController->runAction()
#8 C:\wamp64\www\jack\vendor\yiisoft\yii2\web\Application.php(103): yii\web\Application->runAction()
#9 C:\wamp64\www\jack\vendor\yiisoft\yii2\base\Application.php(386): yii\web\Application->handleRequest()
#10 C:\wamp64\www\jack\web\index.php(12): yii\web\Application->run()
#11 {main}
2019-03-26 10:22:50 [::1][-][45o62b5smhk17ssaau60uggmnc][info][application] $_GET = [
    'r' => 'site/index'
]

$_POST = []

$_FILES = []

$_COOKIE = [
    'PHPSESSID' => '45o62b5smhk17ssaau60uggmnc'
    '_csrf' => '086baf23895d0afd2a9d9da23f0dc7d19e10f48780981d3be16528b35390c3a3a:2:{i:0;s:5:\"_csrf\";i:1;s:32:\"g5VMwJ4aZGanhfnGuLHf1_JM6WQYcVHG\";}'
]

$_SESSION = [
    '__flash' => []
    '__captcha/site/captcha' => 'rbaklev'
    '__captcha/site/captchacount' => 1
]

$_SERVER = [
    'HTTP_HOST' => 'www.jacksistema.odv'
    'HTTP_USER_AGENT' => 'Mozilla/5.0 (Windows NT 10.0; Win64; x64; rv:65.0) Gecko/20100101 Firefox/65.0'
    'HTTP_ACCEPT' => 'text/html,application/xhtml+xml,application/xml;q=0.9,image/webp,*/*;q=0.8'
    'HTTP_ACCEPT_LANGUAGE' => 'es-AR,es;q=0.8,en-US;q=0.5,en;q=0.3'
    'HTTP_ACCEPT_ENCODING' => 'gzip, deflate'
    'HTTP_REFERER' => 'http://www.jacksistema.odv/index.php?r=site%2Fcontact'
    'HTTP_CONNECTION' => 'keep-alive'
    'HTTP_COOKIE' => 'PHPSESSID=45o62b5smhk17ssaau60uggmnc; _csrf=086baf23895d0afd2a9d9da23f0dc7d19e10f48780981d3be16528b35390c3a3a%3A2%3A%7Bi%3A0%3Bs%3A5%3A%22_csrf%22%3Bi%3A1%3Bs%3A32%3A%22g5VMwJ4aZGanhfnGuLHf1_JM6WQYcVHG%22%3B%7D'
    'HTTP_UPGRADE_INSECURE_REQUESTS' => '1'
    'HTTP_CACHE_CONTROL' => 'max-age=0'
    'PATH' => 'C:\\Program Files (x86)\\Common Files\\Oracle\\Java\\javapath;C:\\Windows\\system32;C:\\Windows;C:\\Windows\\System32\\Wbem;C:\\Windows\\System32\\WindowsPowerShell\\v1.0\\;C:\\Windows\\System32\\OpenSSH\\;C:\\wamp64\\bin\\php\\php7.2.10;C:\\composer;C:\\Windows\\system32\\config\\systemprofile\\AppData\\Local\\Microsoft\\WindowsApps'
    'SystemRoot' => 'C:\\Windows'
    'COMSPEC' => 'C:\\Windows\\system32\\cmd.exe'
    'PATHEXT' => '.COM;.EXE;.BAT;.CMD;.VBS;.VBE;.JS;.JSE;.WSF;.WSH;.MSC'
    'WINDIR' => 'C:\\Windows'
    'SERVER_SIGNATURE' => '<address>Apache/2.4.35 (Win64) PHP/7.2.10 Server at www.jacksistema.odv Port 80</address>
'
    'SERVER_SOFTWARE' => 'Apache/2.4.35 (Win64) PHP/7.2.10'
    'SERVER_NAME' => 'www.jacksistema.odv'
    'SERVER_ADDR' => '::1'
    'SERVER_PORT' => '80'
    'REMOTE_ADDR' => '::1'
    'DOCUMENT_ROOT' => 'C:/wamp64/www/jack/web'
    'REQUEST_SCHEME' => 'http'
    'CONTEXT_PREFIX' => ''
    'CONTEXT_DOCUMENT_ROOT' => 'C:/wamp64/www/jack/web'
    'SERVER_ADMIN' => 'wampserver@wampserver.invalid'
    'SCRIPT_FILENAME' => 'C:/wamp64/www/jack/web/index.php'
    'REMOTE_PORT' => '51393'
    'GATEWAY_INTERFACE' => 'CGI/1.1'
    'SERVER_PROTOCOL' => 'HTTP/1.1'
    'REQUEST_METHOD' => 'GET'
    'QUERY_STRING' => 'r=site%2Findex'
    'REQUEST_URI' => '/index.php?r=site%2Findex'
    'SCRIPT_NAME' => '/index.php'
    'PHP_SELF' => '/index.php'
    'REQUEST_TIME_FLOAT' => 1553595770.243
    'REQUEST_TIME' => 1553595770
]
